androidApp/build/intermediates/manifest_merge_blame_file/debug/manifest-merger-blame-debug-report.txt
1<?xml version="1.0" encoding="utf-8"?>
2<manifest xmlns:android="http://schemas.android.com/apk/res/android"
3    package="com.axonvibe.challenge.mobile"
4    android:allowTaskReparenting="true"
5    android:versionCode="1"
6    android:versionName="1.0" >
7
8    <uses-sdk
9        android:minSdkVersion="21"
9-->src/main/AndroidManifest.xml
10        android:targetSdkVersion="28" />
10-->src/main/AndroidManifest.xml
11
12    <uses-permission android:name="android.permission.INTERNET" />
12-->src/main/AndroidManifest.xml:6:5-67
12-->src/main/AndroidManifest.xml:6:22-64
13    <uses-permission android:name="android.permission.CAMERA" />
13-->src/main/AndroidManifest.xml:7:5-65
13-->src/main/AndroidManifest.xml:7:22-62
14
15    <!-- Don't require camera, as this requires a rear camera. This allows it to work on the Nexus 7 -->
16    <uses-feature
16-->[com.journeyapps:zxing-android-embedded:3.6.0] AndroidManifest.xml:25:5-27:36
17        android:name="android.hardware.camera"
17-->[com.journeyapps:zxing-android-embedded:3.6.0] AndroidManifest.xml:26:9-47
18        android:required="false" />
18-->[com.journeyapps:zxing-android-embedded:3.6.0] AndroidManifest.xml:27:9-33
19    <uses-feature
19-->[com.journeyapps:zxing-android-embedded:3.6.0] AndroidManifest.xml:28:5-30:36
20        android:name="android.hardware.camera.front"
20-->[com.journeyapps:zxing-android-embedded:3.6.0] AndroidManifest.xml:29:9-53
21        android:required="false" /> <!-- TODO replace above two with next line after Android 4.2 -->
21-->[com.journeyapps:zxing-android-embedded:3.6.0] AndroidManifest.xml:30:9-33
22    <!-- <uses-feature android:name="android.hardware.camera.any"/> -->
23    <uses-feature
23-->[com.journeyapps:zxing-android-embedded:3.6.0] AndroidManifest.xml:33:5-35:36
24        android:name="android.hardware.camera.autofocus"
24-->[com.journeyapps:zxing-android-embedded:3.6.0] AndroidManifest.xml:34:9-57
25        android:required="false" />
25-->[com.journeyapps:zxing-android-embedded:3.6.0] AndroidManifest.xml:35:9-33
26    <uses-feature
26-->[com.journeyapps:zxing-android-embedded:3.6.0] AndroidManifest.xml:36:5-38:36
27        android:name="android.hardware.camera.flash"
27-->[com.journeyapps:zxing-android-embedded:3.6.0] AndroidManifest.xml:37:9-53
28        android:required="false" />
28-->[com.journeyapps:zxing-android-embedded:3.6.0] AndroidManifest.xml:38:9-33
29    <uses-feature
29-->[com.journeyapps:zxing-android-embedded:3.6.0] AndroidManifest.xml:39:5-41:36
30        android:name="android.hardware.screen.landscape"
30-->[com.journeyapps:zxing-android-embedded:3.6.0] AndroidManifest.xml:40:9-57
31        android:required="false" />
31-->[com.journeyapps:zxing-android-embedded:3.6.0] AndroidManifest.xml:41:9-33
32    <uses-feature
32-->[com.journeyapps:zxing-android-embedded:3.6.0] AndroidManifest.xml:42:5-44:36
33        android:name="android.hardware.wifi"
33-->[com.journeyapps:zxing-android-embedded:3.6.0] AndroidManifest.xml:43:9-45
34        android:required="false" />
34-->[com.journeyapps:zxing-android-embedded:3.6.0] AndroidManifest.xml:44:9-33
35
36    <uses-permission android:name="android.permission.ACCESS_NETWORK_STATE" />
36-->[com.google.android.gms:play-services-measurement:17.3.0] AndroidManifest.xml:24:5-79
36-->[com.google.android.gms:play-services-measurement:17.3.0] AndroidManifest.xml:24:22-76
37    <uses-permission android:name="android.permission.WAKE_LOCK" />
37-->[com.google.android.gms:play-services-measurement:17.3.0] AndroidManifest.xml:25:5-68
37-->[com.google.android.gms:play-services-measurement:17.3.0] AndroidManifest.xml:25:22-65
38    <uses-permission android:name="com.google.android.finsky.permission.BIND_GET_INSTALL_REFERRER_SERVICE" /> <!-- Required by older versions of Google Play services to create IID tokens -->
38-->[com.google.android.gms:play-services-measurement:17.3.0] AndroidManifest.xml:26:5-110
38-->[com.google.android.gms:play-services-measurement:17.3.0] AndroidManifest.xml:26:22-107
39    <uses-permission android:name="com.google.android.c2dm.permission.RECEIVE" />
39-->[com.google.firebase:firebase-iid:20.0.2] AndroidManifest.xml:26:5-82
39-->[com.google.firebase:firebase-iid:20.0.2] AndroidManifest.xml:26:22-79
40
41    <application
41-->src/main/AndroidManifest.xml:9:5-47:19
42        android:allowBackup="false"
42-->src/main/AndroidManifest.xml:10:9-36
43        android:appComponentFactory="androidx.core.app.CoreComponentFactory"
43-->[androidx.core:core:1.3.0] AndroidManifest.xml:24:18-86
44        android:debuggable="true"
45        android:label="@string/all_app_name"
45-->src/main/AndroidManifest.xml:11:9-45
46        android:screenOrientation="portrait"
46-->src/main/AndroidManifest.xml:12:9-45
47        android:supportsRtl="true"
47-->src/main/AndroidManifest.xml:13:9-35
48        android:testOnly="true"
49        android:theme="@style/AppTheme.NoActionBar" >
49-->src/main/AndroidManifest.xml:14:9-52
50        <activity
50-->src/main/AndroidManifest.xml:15:9-16:52
51            android:name="com.axonvibe.challenge.mobile.main.view.AnswerIncorrectActivity"
51-->src/main/AndroidManifest.xml:15:19-68
52            android:screenOrientation="portrait" />
52-->src/main/AndroidManifest.xml:16:13-49
53        <activity
53-->src/main/AndroidManifest.xml:17:9-18:52
54            android:name="com.axonvibe.challenge.mobile.main.view.AnswerCorrectActivity"
54-->src/main/AndroidManifest.xml:17:19-66
55            android:screenOrientation="portrait" />
55-->src/main/AndroidManifest.xml:18:13-49
56        <activity
56-->src/main/AndroidManifest.xml:19:9-21:52
57            android:name="com.axonvibe.challenge.mobile.main.view.ScanQRActivity"
57-->src/main/AndroidManifest.xml:20:13-53
58            android:screenOrientation="portrait" />
58-->src/main/AndroidManifest.xml:21:13-49
59        <activity
59-->src/main/AndroidManifest.xml:22:9-24:52
60            android:name="com.axonvibe.challenge.mobile.main.view.AnswerActivity"
60-->src/main/AndroidManifest.xml:23:13-53
61            android:screenOrientation="portrait" />
61-->src/main/AndroidManifest.xml:24:13-49
62        <activity
62-->src/main/AndroidManifest.xml:25:9-27:52
63            android:name="com.axonvibe.challenge.mobile.main.view.WaitingActivity"
63-->src/main/AndroidManifest.xml:26:13-54
64            android:screenOrientation="portrait" />
64-->src/main/AndroidManifest.xml:27:13-49
65        <activity
65-->src/main/AndroidManifest.xml:28:9-30:52
66            android:name="com.axonvibe.challenge.mobile.main.view.SuccessAuthActivity"
66-->src/main/AndroidManifest.xml:29:13-58
67            android:screenOrientation="portrait" />
67-->src/main/AndroidManifest.xml:30:13-49
68        <activity
68-->src/main/AndroidManifest.xml:31:9-33:52
69            android:name="com.axonvibe.challenge.mobile.main.view.LoginActivity"
69-->src/main/AndroidManifest.xml:32:13-52
70            android:screenOrientation="portrait" />
70-->src/main/AndroidManifest.xml:33:13-49
71        <activity
71-->src/main/AndroidManifest.xml:34:9-42:20
72            android:name="com.axonvibe.challenge.mobile.main.view.MainActivity"
72-->src/main/AndroidManifest.xml:35:13-51
73            android:screenOrientation="portrait" >
73-->src/main/AndroidManifest.xml:36:13-49
74            <intent-filter>
74-->src/main/AndroidManifest.xml:37:13-41:29
75                <action android:name="android.intent.action.MAIN" />
75-->src/main/AndroidManifest.xml:38:17-69
75-->src/main/AndroidManifest.xml:38:25-66
76
77                <category android:name="android.intent.category.LAUNCHER" />
77-->src/main/AndroidManifest.xml:40:17-77
77-->src/main/AndroidManifest.xml:40:27-74
78            </intent-filter>
79        </activity>
80
81        <meta-data
81-->src/main/AndroidManifest.xml:44:9-46:57
82            android:name="preloaded_fonts"
82-->src/main/AndroidManifest.xml:45:13-43
83            android:resource="@array/preloaded_fonts" />
83-->src/main/AndroidManifest.xml:46:13-54
84
85        <activity
85-->[com.journeyapps:zxing-android-embedded:3.6.0] AndroidManifest.xml:47:9-53:63
86            android:name="com.journeyapps.barcodescanner.CaptureActivity"
86-->[com.journeyapps:zxing-android-embedded:3.6.0] AndroidManifest.xml:48:13-74
87            android:clearTaskOnLaunch="true"
87-->[com.journeyapps:zxing-android-embedded:3.6.0] AndroidManifest.xml:49:13-45
88            android:screenOrientation="sensorLandscape"
88-->[com.journeyapps:zxing-android-embedded:3.6.0] AndroidManifest.xml:50:13-56
89            android:stateNotNeeded="true"
89-->[com.journeyapps:zxing-android-embedded:3.6.0] AndroidManifest.xml:51:13-42
90            android:theme="@style/zxing_CaptureTheme"
90-->[com.journeyapps:zxing-android-embedded:3.6.0] AndroidManifest.xml:52:13-54
91            android:windowSoftInputMode="stateAlwaysHidden" />
91-->[com.journeyapps:zxing-android-embedded:3.6.0] AndroidManifest.xml:53:13-60
92
93        <receiver
93-->[com.google.android.gms:play-services-measurement:17.3.0] AndroidManifest.xml:29:9-33:20
94            android:name="com.google.android.gms.measurement.AppMeasurementReceiver"
94-->[com.google.android.gms:play-services-measurement:17.3.0] AndroidManifest.xml:30:13-85
95            android:enabled="true"
95-->[com.google.android.gms:play-services-measurement:17.3.0] AndroidManifest.xml:31:13-35
96            android:exported="false" >
96-->[com.google.android.gms:play-services-measurement:17.3.0] AndroidManifest.xml:32:13-37
97        </receiver>
98        <receiver
98-->[com.google.android.gms:play-services-measurement:17.3.0] AndroidManifest.xml:34:9-42:20
99            android:name="com.google.android.gms.measurement.AppMeasurementInstallReferrerReceiver"
99-->[com.google.android.gms:play-services-measurement:17.3.0] AndroidManifest.xml:35:13-100
100            android:enabled="true"
100-->[com.google.android.gms:play-services-measurement:17.3.0] AndroidManifest.xml:36:13-35
101            android:exported="true"
101-->[com.google.android.gms:play-services-measurement:17.3.0] AndroidManifest.xml:37:13-36
102            android:permission="android.permission.INSTALL_PACKAGES" >
102-->[com.google.android.gms:play-services-measurement:17.3.0] AndroidManifest.xml:38:13-69
103            <intent-filter>
103-->[com.google.android.gms:play-services-measurement:17.3.0] AndroidManifest.xml:39:13-41:29
104                <action android:name="com.android.vending.INSTALL_REFERRER" />
104-->[com.google.android.gms:play-services-measurement:17.3.0] AndroidManifest.xml:40:17-79
104-->[com.google.android.gms:play-services-measurement:17.3.0] AndroidManifest.xml:40:25-76
105            </intent-filter>
106        </receiver>
107
108        <service
108-->[com.google.android.gms:play-services-measurement:17.3.0] AndroidManifest.xml:44:9-47:40
109            android:name="com.google.android.gms.measurement.AppMeasurementService"
109-->[com.google.android.gms:play-services-measurement:17.3.0] AndroidManifest.xml:45:13-84
110            android:enabled="true"
110-->[com.google.android.gms:play-services-measurement:17.3.0] AndroidManifest.xml:46:13-35
111            android:exported="false" />
111-->[com.google.android.gms:play-services-measurement:17.3.0] AndroidManifest.xml:47:13-37
112        <service
112-->[com.google.android.gms:play-services-measurement:17.3.0] AndroidManifest.xml:48:9-52:72
113            android:name="com.google.android.gms.measurement.AppMeasurementJobService"
113-->[com.google.android.gms:play-services-measurement:17.3.0] AndroidManifest.xml:49:13-87
114            android:enabled="true"
114-->[com.google.android.gms:play-services-measurement:17.3.0] AndroidManifest.xml:50:13-35
115            android:exported="false"
115-->[com.google.android.gms:play-services-measurement:17.3.0] AndroidManifest.xml:51:13-37
116            android:permission="android.permission.BIND_JOB_SERVICE" />
116-->[com.google.android.gms:play-services-measurement:17.3.0] AndroidManifest.xml:52:13-69
117        <service
117-->[com.google.android.gms:play-services-measurement-api:17.3.0] AndroidManifest.xml:27:9-33:19
118            android:name="com.google.firebase.components.ComponentDiscoveryService"
118-->[com.google.android.gms:play-services-measurement-api:17.3.0] AndroidManifest.xml:28:13-84
119            android:directBootAware="true"
119-->[com.google.firebase:firebase-common:19.3.0] AndroidManifest.xml:34:13-43
120            android:exported="false" >
120-->[com.google.android.gms:play-services-measurement-api:17.3.0] AndroidManifest.xml:29:13-37
121            <meta-data
121-->[com.google.android.gms:play-services-measurement-api:17.3.0] AndroidManifest.xml:30:13-32:85
122                android:name="com.google.firebase.components:com.google.firebase.analytics.connector.internal.AnalyticsConnectorRegistrar"
122-->[com.google.android.gms:play-services-measurement-api:17.3.0] AndroidManifest.xml:31:17-139
123                android:value="com.google.firebase.components.ComponentRegistrar" />
123-->[com.google.android.gms:play-services-measurement-api:17.3.0] AndroidManifest.xml:32:17-82
124            <meta-data
124-->[com.google.firebase:firebase-iid:20.0.2] AndroidManifest.xml:32:13-34:85
125                android:name="com.google.firebase.components:com.google.firebase.iid.Registrar"
125-->[com.google.firebase:firebase-iid:20.0.2] AndroidManifest.xml:33:17-96
126                android:value="com.google.firebase.components.ComponentRegistrar" />
126-->[com.google.firebase:firebase-iid:20.0.2] AndroidManifest.xml:34:17-82
127            <meta-data
127-->[com.google.firebase:firebase-firestore:20.1.0] AndroidManifest.xml:20:13-22:85
128                android:name="com.google.firebase.components:com.google.firebase.firestore.FirestoreRegistrar"
128-->[com.google.firebase:firebase-firestore:20.1.0] AndroidManifest.xml:21:17-111
129                android:value="com.google.firebase.components.ComponentRegistrar" />
129-->[com.google.firebase:firebase-firestore:20.1.0] AndroidManifest.xml:22:17-82
130        </service>
131
132        <receiver
132-->[com.google.firebase:firebase-iid:20.0.2] AndroidManifest.xml:37:9-44:20
133            android:name="com.google.firebase.iid.FirebaseInstanceIdReceiver"
133-->[com.google.firebase:firebase-iid:20.0.2] AndroidManifest.xml:38:13-78
134            android:exported="true"
134-->[com.google.firebase:firebase-iid:20.0.2] AndroidManifest.xml:39:13-36
135            android:permission="com.google.android.c2dm.permission.SEND" >
135-->[com.google.firebase:firebase-iid:20.0.2] AndroidManifest.xml:40:13-73
136            <intent-filter>
136-->[com.google.firebase:firebase-iid:20.0.2] AndroidManifest.xml:41:13-43:29
137                <action android:name="com.google.android.c2dm.intent.RECEIVE" />
137-->[com.google.firebase:firebase-iid:20.0.2] AndroidManifest.xml:42:17-81
137-->[com.google.firebase:firebase-iid:20.0.2] AndroidManifest.xml:42:25-78
138            </intent-filter>
139        </receiver>
140
141        <provider
141-->[com.google.firebase:firebase-common:19.3.0] AndroidManifest.xml:26:9-30:39
142            android:name="com.google.firebase.provider.FirebaseInitProvider"
142-->[com.google.firebase:firebase-common:19.3.0] AndroidManifest.xml:27:13-77
143            android:authorities="com.axonvibe.challenge.mobile.firebaseinitprovider"
143-->[com.google.firebase:firebase-common:19.3.0] AndroidManifest.xml:28:13-72
144            android:exported="false"
144-->[com.google.firebase:firebase-common:19.3.0] AndroidManifest.xml:29:13-37
145            android:initOrder="100" />
145-->[com.google.firebase:firebase-common:19.3.0] AndroidManifest.xml:30:13-36
146
147        <activity
147-->[com.google.android.gms:play-services-base:17.0.0] AndroidManifest.xml:23:9-26:75
148            android:name="com.google.android.gms.common.api.GoogleApiActivity"
148-->[com.google.android.gms:play-services-base:17.0.0] AndroidManifest.xml:24:13-79
149            android:exported="false"
149-->[com.google.android.gms:play-services-base:17.0.0] AndroidManifest.xml:25:13-37
150            android:theme="@android:style/Theme.Translucent.NoTitleBar" />
150-->[com.google.android.gms:play-services-base:17.0.0] AndroidManifest.xml:26:13-72
151
152        <meta-data
152-->[com.google.android.gms:play-services-basement:17.0.0] AndroidManifest.xml:23:9-25:69
153            android:name="com.google.android.gms.version"
153-->[com.google.android.gms:play-services-basement:17.0.0] AndroidManifest.xml:24:13-58
154            android:value="@integer/google_play_services_version" />
154-->[com.google.android.gms:play-services-basement:17.0.0] AndroidManifest.xml:25:13-66
155
156        <provider
156-->[androidx.lifecycle:lifecycle-process:2.0.0] AndroidManifest.xml:23:9-27:43
157            android:name="androidx.lifecycle.ProcessLifecycleOwnerInitializer"
157-->[androidx.lifecycle:lifecycle-process:2.0.0] AndroidManifest.xml:24:13-79
158            android:authorities="com.axonvibe.challenge.mobile.lifecycle-process"
158-->[androidx.lifecycle:lifecycle-process:2.0.0] AndroidManifest.xml:25:13-69
159            android:exported="false"
159-->[androidx.lifecycle:lifecycle-process:2.0.0] AndroidManifest.xml:26:13-37
160            android:multiprocess="true" />
160-->[androidx.lifecycle:lifecycle-process:2.0.0] AndroidManifest.xml:27:13-40
161        <provider
161-->[com.github.florent37:multiplatform-preferences-android:1.0.0] AndroidManifest.xml:9:9-15:46
162            android:name="com.github.florent37.preferences.AppContextProvider"
162-->[com.github.florent37:multiplatform-preferences-android:1.0.0] AndroidManifest.xml:10:13-79
163            android:authorities="com.axonvibe.challenge.mobile.appcontextprovider"
163-->[com.github.florent37:multiplatform-preferences-android:1.0.0] AndroidManifest.xml:11:13-70
164            android:directBootAware="true"
164-->[com.github.florent37:multiplatform-preferences-android:1.0.0] AndroidManifest.xml:12:13-43
165            android:exported="false"
165-->[com.github.florent37:multiplatform-preferences-android:1.0.0] AndroidManifest.xml:13:13-37
166            android:initOrder="900" />
166-->[com.github.florent37:multiplatform-preferences-android:1.0.0] AndroidManifest.xml:14:13-36
167    </application>
168
169</manifest>